2026-04-30 09:06:27 - Session ID: qaq25bs90to9av9148fltko9mk - Save Path: C:\xampp\tmp
2026-04-30 09:07:48 - Session ID: sj0prsk20fjvumi39bpoe6olj9 - Save Path: C:\xampp\tmp
2026-04-30 09:08:08 - Session ID: sj0prsk20fjvumi39bpoe6olj9 - Save Path: C:\xampp\tmp
2026-04-30 09:08:08 - Session ID: sj0prsk20fjvumi39bpoe6olj9 - Save Path: C:\xampp\tmp
2026-04-30 09:08:17 - Session ID: sj0prsk20fjvumi39bpoe6olj9 - Save Path: C:\xampp\tmp
2026-04-30 09:09:10 - Session ID: sj0prsk20fjvumi39bpoe6olj9 - Save Path: C:\xampp\tmp
2026-04-30 09:10:59 - Session ID: dldshl6bf1gcvvjg3cfph0g5lp - Save Path: C:\xampp\tmp
2026-04-30 09:11:21 - Session ID: 02e8vjogqifdn3mmsucgrd07h2 - Save Path: C:\xampp\tmp
2026-04-30 09:12:00 - Session ID: sj0prsk20fjvumi39bpoe6olj9 - Save Path: C:\xampp\tmp
2026-04-30 09:12:06 - Session ID: sj0prsk20fjvumi39bpoe6olj9 - Save Path: C:\xampp\tmp
2026-04-30 09:12:49 - Session ID: sj0prsk20fjvumi39bpoe6olj9 - Save Path: C:\xampp\tmp
2026-04-30 09:12:49 - Session ID: sj0prsk20fjvumi39bpoe6olj9 - Save Path: C:\xampp\tmp
2026-04-30 09:18:12 - Session ID: sj0prsk20fjvumi39bpoe6olj9 - Save Path: C:\xampp\tmp
2026-04-30 09:18:12 - Session ID: sj0prsk20fjvumi39bpoe6olj9 - Save Path: C:\xampp\tmp
2026-04-30 09:18:30 - Session ID: sj0prsk20fjvumi39bpoe6olj9 - Save Path: C:\xampp\tmp
2026-04-30 09:18:30 - Session ID: sj0prsk20fjvumi39bpoe6olj9 - Save Path: C:\xampp\tmp
2026-04-30 09:26:00 - Session ID: sj0prsk20fjvumi39bpoe6olj9 - Save Path: C:\xampp\tmp
2026-04-30 09:26:00 - Session ID: sj0prsk20fjvumi39bpoe6olj9 - Save Path: C:\xampp\tmp
2026-04-30 09:29:22 - Session ID: sj0prsk20fjvumi39bpoe6olj9 - Save Path: C:\xampp\tmp
2026-04-30 09:29:23 - Session ID: sj0prsk20fjvumi39bpoe6olj9 - Save Path: C:\xampp\tmp
2026-04-30 09:29:35 - Session ID: sj0prsk20fjvumi39bpoe6olj9 - Save Path: C:\xampp\tmp
2026-04-30 09:29:35 - Session ID: sj0prsk20fjvumi39bpoe6olj9 - Save Path: C:\xampp\tmp
2026-04-30 09:29:36 - Session ID: sj0prsk20fjvumi39bpoe6olj9 - Save Path: C:\xampp\tmp
2026-04-30 09:29:36 - Session ID: sj0prsk20fjvumi39bpoe6olj9 - Save Path: C:\xampp\tmp
2026-04-30 09:29:57 - Session ID: sj0prsk20fjvumi39bpoe6olj9 - Save Path: C:\xampp\tmp
2026-04-30 09:29:57 - Session ID: sj0prsk20fjvumi39bpoe6olj9 - Save Path: C:\xampp\tmp
2026-04-30 09:35:52 - Session ID: sj0prsk20fjvumi39bpoe6olj9 - Save Path: C:\xampp\tmp
2026-04-30 09:35:52 - Session ID: sj0prsk20fjvumi39bpoe6olj9 - Save Path: C:\xampp\tmp
2026-04-30 09:39:53 - Session ID: cvg5567r2i4c6ebrquuck0c0ac - Save Path: C:\xampp\tmp
2026-04-30 09:39:53 - Session ID: j17qajitim4659qvcimj7jqs0u - Save Path: C:\xampp\tmp
2026-04-30 09:40:03 - Session ID: j17qajitim4659qvcimj7jqs0u - Save Path: C:\xampp\tmp
2026-04-30 09:52:52 - Session ID: sj0prsk20fjvumi39bpoe6olj9 - Save Path: C:\xampp\tmp
2026-04-30 09:52:52 - Session ID: sj0prsk20fjvumi39bpoe6olj9 - Save Path: C:\xampp\tmp
2026-04-30 10:10:44 - Session ID: sj0prsk20fjvumi39bpoe6olj9 - Save Path: C:\xampp\tmp
2026-04-30 10:10:44 - Session ID: sj0prsk20fjvumi39bpoe6olj9 - Save Path: C:\xampp\tmp
2026-04-30 10:13:53 - Session ID: sj0prsk20fjvumi39bpoe6olj9 - Save Path: C:\xampp\tmp
2026-04-30 10:13:53 - Session ID: sj0prsk20fjvumi39bpoe6olj9 - Save Path: C:\xampp\tmp
2026-04-30 12:40:56 - Session ID: 103lbp1mbq5nq4c5i51qm8i03v - Save Path: C:\xampp\tmp
2026-04-30 12:41:06 - Session ID: 103lbp1mbq5nq4c5i51qm8i03v - Save Path: C:\xampp\tmp
2026-04-30 12:42:44 - Session ID: 103lbp1mbq5nq4c5i51qm8i03v - Save Path: C:\xampp\tmp
2026-04-30 12:43:35 - Session ID: 103lbp1mbq5nq4c5i51qm8i03v - Save Path: C:\xampp\tmp
2026-04-30 12:44:39 - Session ID: 4m3cf2vvq7k93rlubepakht5mt - Save Path: C:\xampp\tmp
2026-04-30 12:45:41 - Session ID: 103lbp1mbq5nq4c5i51qm8i03v - Save Path: C:\xampp\tmp
2026-04-30 12:45:41 - Session ID: 103lbp1mbq5nq4c5i51qm8i03v - Save Path: C:\xampp\tmp
2026-04-30 12:46:20 - Session ID: 103lbp1mbq5nq4c5i51qm8i03v - Save Path: C:\xampp\tmp
2026-04-30 12:46:20 - Session ID: 103lbp1mbq5nq4c5i51qm8i03v - Save Path: C:\xampp\tmp
2026-04-30 12:46:30 - Session ID: qegemubkukmcsuiu5n6vucpogc - Save Path: C:\xampp\tmp
2026-04-30 12:46:30 - Session ID: 4cv0iql6d6hicm2pk3o4774gkd - Save Path: C:\xampp\tmp
2026-04-30 13:54:37 - Session ID: 103lbp1mbq5nq4c5i51qm8i03v - Save Path: C:\xampp\tmp
2026-04-30 13:54:37 - Session ID: 103lbp1mbq5nq4c5i51qm8i03v - Save Path: C:\xampp\tmp
2026-04-30 13:57:16 - Session ID: 4cv0iql6d6hicm2pk3o4774gkd - Save Path: C:\xampp\tmp
2026-04-30 13:57:16 - Session ID: 4cv0iql6d6hicm2pk3o4774gkd - Save Path: C:\xampp\tmp
2026-04-30 14:11:26 - Session ID: qqirsmjct41p2gul1gr2knol76 - Save Path: C:\xampp\tmp
2026-04-30 14:11:26 - Session ID: d4jlkiihghoq3age11if9b25gj - Save Path: C:\xampp\tmp
2026-04-30 14:11:43 - Session ID: d4jlkiihghoq3age11if9b25gj - Save Path: C:\xampp\tmp
2026-04-30 14:12:02 - Session ID: 103lbp1mbq5nq4c5i51qm8i03v - Save Path: C:\xampp\tmp
2026-04-30 14:12:02 - Session ID: 103lbp1mbq5nq4c5i51qm8i03v - Save Path: C:\xampp\tmp
2026-04-30 14:12:12 - Session ID: d4jlkiihghoq3age11if9b25gj - Save Path: C:\xampp\tmp
2026-04-30 14:12:52 - Session ID: 103lbp1mbq5nq4c5i51qm8i03v - Save Path: C:\xampp\tmp
2026-04-30 14:12:52 - Session ID: 103lbp1mbq5nq4c5i51qm8i03v - Save Path: C:\xampp\tmp
2026-04-30 14:13:15 - Session ID: d4jlkiihghoq3age11if9b25gj - Save Path: C:\xampp\tmp
2026-04-30 14:13:30 - Session ID: d4jlkiihghoq3age11if9b25gj - Save Path: C:\xampp\tmp
2026-04-30 14:13:30 - Session ID: d4jlkiihghoq3age11if9b25gj - Save Path: C:\xampp\tmp
2026-04-30 14:13:43 - Session ID: d4jlkiihghoq3age11if9b25gj - Save Path: C:\xampp\tmp
2026-04-30 14:13:43 - Session ID: d4jlkiihghoq3age11if9b25gj - Save Path: C:\xampp\tmp
2026-04-30 14:13:50 - Session ID: d4jlkiihghoq3age11if9b25gj - Save Path: C:\xampp\tmp
2026-04-30 14:14:14 - Session ID: d4jlkiihghoq3age11if9b25gj - Save Path: C:\xampp\tmp
2026-04-30 14:14:14 - Session ID: d4jlkiihghoq3age11if9b25gj - Save Path: C:\xampp\tmp
2026-04-30 14:14:44 - Session ID: d4jlkiihghoq3age11if9b25gj - Save Path: C:\xampp\tmp
2026-04-30 15:03:54 - Session ID: tln3jcct5raekhoo42tcn02jan - Save Path: C:\xampp\tmp
2026-04-30 15:03:54 - Session ID: pcqe9891kfqj46pdo1mibbp531 - Save Path: C:\xampp\tmp
2026-04-30 15:04:19 - Session ID: pcqe9891kfqj46pdo1mibbp531 - Save Path: C:\xampp\tmp
2026-04-30 15:04:47 - Session ID: pcqe9891kfqj46pdo1mibbp531 - Save Path: C:\xampp\tmp
2026-04-30 15:06:21 - Session ID: pcqe9891kfqj46pdo1mibbp531 - Save Path: C:\xampp\tmp
2026-04-30 15:11:52 - Session ID: pcqe9891kfqj46pdo1mibbp531 - Save Path: C:\xampp\tmp
2026-04-30 15:11:52 - Session ID: pcqe9891kfqj46pdo1mibbp531 - Save Path: C:\xampp\tmp
2026-04-30 15:14:22 - Session ID: pcqe9891kfqj46pdo1mibbp531 - Save Path: C:\xampp\tmp
2026-04-30 15:14:22 - Session ID: pcqe9891kfqj46pdo1mibbp531 - Save Path: C:\xampp\tmp
2026-04-30 15:26:22 - Session ID: pcqe9891kfqj46pdo1mibbp531 - Save Path: C:\xampp\tmp
2026-04-30 15:26:22 - Session ID: pcqe9891kfqj46pdo1mibbp531 - Save Path: C:\xampp\tmp
2026-04-30 15:26:33 - Session ID: pcqe9891kfqj46pdo1mibbp531 - Save Path: C:\xampp\tmp
2026-04-30 15:26:33 - Session ID: pcqe9891kfqj46pdo1mibbp531 - Save Path: C:\xampp\tmp
2026-04-30 15:29:53 - Session ID: pcqe9891kfqj46pdo1mibbp531 - Save Path: C:\xampp\tmp
2026-04-30 15:29:53 - Session ID: pcqe9891kfqj46pdo1mibbp531 - Save Path: C:\xampp\tmp
2026-04-30 15:31:10 - Session ID: pcqe9891kfqj46pdo1mibbp531 - Save Path: C:\xampp\tmp
2026-04-30 15:31:10 - Session ID: pcqe9891kfqj46pdo1mibbp531 - Save Path: C:\xampp\tmp
2026-04-30 15:31:46 - Session ID: pcqe9891kfqj46pdo1mibbp531 - Save Path: C:\xampp\tmp
2026-04-30 15:31:46 - Session ID: pcqe9891kfqj46pdo1mibbp531 - Save Path: C:\xampp\tmp
2026-04-30 15:32:43 - Session ID: pcqe9891kfqj46pdo1mibbp531 - Save Path: C:\xampp\tmp
2026-04-30 15:32:43 - Session ID: pcqe9891kfqj46pdo1mibbp531 - Save Path: C:\xampp\tmp
2026-04-30 15:41:40 - Session ID: pcqe9891kfqj46pdo1mibbp531 - Save Path: C:\xampp\tmp
2026-04-30 15:41:40 - Session ID: pcqe9891kfqj46pdo1mibbp531 - Save Path: C:\xampp\tmp
2026-04-30 15:47:28 - Session ID: pcqe9891kfqj46pdo1mibbp531 - Save Path: C:\xampp\tmp
2026-04-30 15:47:28 - Session ID: pcqe9891kfqj46pdo1mibbp531 - Save Path: C:\xampp\tmp
2026-04-30 16:00:04 - Session ID: pcqe9891kfqj46pdo1mibbp531 - Save Path: C:\xampp\tmp
2026-04-30 16:00:04 - Session ID: pcqe9891kfqj46pdo1mibbp531 - Save Path: C:\xampp\tmp
2026-04-30 16:22:41 - Session ID: pcqe9891kfqj46pdo1mibbp531 - Save Path: C:\xampp\tmp
2026-04-30 16:22:41 - Session ID: pcqe9891kfqj46pdo1mibbp531 - Save Path: C:\xampp\tmp
2026-04-30 16:23:05 - Session ID: pcqe9891kfqj46pdo1mibbp531 - Save Path: C:\xampp\tmp
2026-04-30 16:23:05 - Session ID: pcqe9891kfqj46pdo1mibbp531 - Save Path: C:\xampp\tmp
2026-04-30 16:23:06 - Session ID: pcqe9891kfqj46pdo1mibbp531 - Save Path: C:\xampp\tmp
2026-04-30 16:23:07 - Session ID: pcqe9891kfqj46pdo1mibbp531 - Save Path: C:\xampp\tmp
2026-04-30 16:23:07 - Session ID: pcqe9891kfqj46pdo1mibbp531 - Save Path: C:\xampp\tmp
2026-04-30 16:23:07 - Session ID: pcqe9891kfqj46pdo1mibbp531 - Save Path: C:\xampp\tmp
