2025-02-17 16:24:24 - New user registered: admin@vdartinc.com
2025-02-17 16:37:51 - New user registered: mine@vdartinc.com
2025-02-17 16:42:51 - New user registered: afafsadf@vdartinc.com
2025-02-17 16:45:14 - New user registered: gdgdsg@vdartinc.com
2025-02-17 16:47:45 - New user registered: sanjay@vdartinc.com
2025-02-17 16:50:18 - New user registered: dsffdfbfd@vdartinc.com
2025-02-18 14:50:20 - New user registered: rukzanafathima.o@vdartinc.com
2025-02-19 22:38:57 - New user registered: sample@vdartinc.com
2025-03-10 12:52:13 - New user registered: lyn.g@vdartinc.com
2025-03-19 18:51:11 - New user registered: swarnabharathi.m@vdartinc.com
2025-04-01 16:44:30 - New user registered: anand.a@vdartinc.com
2025-04-01 16:50:38 - New user registered: test2@vdartinc.com
2025-04-28 16:38:22 - New user registered: thomas.j@vdartinc.com
2025-04-30 20:32:54 - New user registered: nancy.m@vdartinc.com
2025-04-30 20:34:20 - New user registered: leo.s@vdartinc.com
2025-05-02 16:00:56 - New user registered: dhivagar.g@vdartinc.com
2025-05-05 16:19:06 - New user registered: ibrahim@vdartinc.com
2025-05-05 16:19:52 - New user registered: aarthy.a@vdartinc.com
2025-05-05 16:20:14 - New user registered: mani.s@vdartinc.com
2025-05-05 16:20:40 - New user registered: parthipan.n@vdartinc.com
2025-05-05 16:24:58 - New user registered: celestine@vdartinc.com
2025-05-05 16:25:22 - New user registered: dinakaran.g@vdartinc.com
2025-05-05 16:26:35 - New user registered: narayan@vdartinc.com
2025-05-05 16:28:27 - New user registered: mohamedfayaz.h@vdartinc.com
2025-05-05 16:31:52 - New user registered: saran@vdartinc.com
2025-05-05 16:35:36 - New user registered: johnathan@vdartinc.com
2025-05-05 16:42:03 - New user registered: bhuvanes.s@vdartinc.com
2025-05-05 16:42:07 - New user registered: siva.m@vdartinc.com
2025-05-05 16:42:08 - New user registered: ramamoorthy.m@vdartinc.com
2025-05-05 16:42:09 - New user registered: benaiah.b@vdartinc.com
2025-05-05 16:42:11 - New user registered: vishwa.b@vdartinc.com
2025-05-05 16:42:21 - New user registered: pooja.u@vdartinc.com
2025-05-05 16:42:24 - New user registered: rahul.g@vdartinc.com
2025-05-05 16:42:28 - New user registered: adil.m@vdartinc.com
2025-05-05 16:42:34 - New user registered: danieljoshua.m@vdartinc.com
2025-05-05 16:42:35 - New user registered: subiksha.l@vdartinc.com
2025-05-05 16:42:41 - New user registered: suvisesh.a@vdartinc.com
2025-05-05 16:42:42 - New user registered: sabarish.t@vdartinc.com
2025-05-05 16:43:06 - New user registered: sathish.p@vdartinc.com
2025-05-05 16:43:27 - New user registered: fahima.v@vdartinc.com
2025-05-05 16:43:54 - New user registered: boomika.m@vdartinc.com
2025-05-05 17:58:53 - New user registered: dhashanee.s@vdartinc.com
2025-05-05 19:05:55 - New user registered: testing2@vdartinc.com - IP: 122.187.99.242
2025-05-05 22:33:54 - New user registered: myvizhi.s@vdartinc.com
2025-05-05 22:57:17 - New user registered: niruban.c@vdartinc.com
2025-05-05 23:01:41 - New user registered: aravindh.a@vdartinc.com
2025-05-05 23:17:58 - New user registered: karthik.d@vdartinc.com
2025-05-06 14:45:09 - New user registered: rohith.p@vdartinc.com
2025-05-06 15:02:09 - New user registered: francis.s@vdartinc.com
2025-05-06 16:03:52 - New user registered: bhuvaneswaran.r@vdartinc.com
2025-05-06 20:17:05 - New user registered: balaji.m@vdartinc.com
2025-05-06 21:27:19 - New user registered: prathap.t@vdartinc.com
2025-05-06 21:30:43 - New user registered: santhosh.g@vdartinc.com
2025-05-06 21:31:38 - New user registered: moorthy.a@vdartinc.com
2025-05-06 21:42:55 - New user registered: kanakavalli.m@vdartinc.com
2025-05-06 22:41:33 - New user registered: siva.p@vdartinc.com
2025-05-07 13:11:06 - New user registered: sakenath.r@vdartinc.com
2025-05-07 14:46:46 - New user registered: sudhanbabu.r@vdartinc.com
2025-05-07 21:10:01 - New user registered: mukesh.c@vdartinc.com
2025-05-08 15:02:28 - New user registered: mohamedali.m@vdartinc.com
2025-05-08 15:18:00 - New user registered: karkuzhali.r@vdartinc.com
2025-05-08 15:19:29 - New user registered: vijay@vdartinc.com
2025-05-08 15:36:30 - New user registered: vicitra.d@vdartinc.com
2025-05-08 15:58:10 - New user registered: vinothini.m@vdartinc.com
2025-05-08 15:58:34 - New user registered: felix@vdartinc.com
2025-05-08 15:58:53 - New user registered: raj.a@vdartinc.com
2025-05-08 15:59:13 - New user registered: kirupakaran.p@vdartinc.com
2025-05-16 18:57:55 - New user registered: rishi.v@vdartinc.com
2025-05-16 20:42:08 - New user registered: karthik.t@vdartinc.com
2025-05-20 13:28:59 - New user registered: shanmuganantha.v@vdartinc.com
2025-05-20 13:29:01 - New user registered: venkatesan.g@vdartinc.com
2025-05-20 13:29:17 - New user registered: nandhini.s@vdartinc.com
2025-05-20 13:29:20 - New user registered: chibi.b@vdartinc.com
2025-05-20 13:29:56 - New user registered: jothika.r@vdartinc.com
2025-05-20 13:50:43 - New user registered: rafi.j@vdartinc.com
2025-05-20 13:50:52 - New user registered: prasanth.s@vdartinc.com
2025-05-20 13:50:53 - New user registered: vigneshwaran.r@vdartinc.com
2025-05-20 13:50:59 - New user registered: saravanan.r@vdartinc.com
2025-05-20 13:51:00 - New user registered: srinidhi.s@vdartinc.com
2025-05-20 13:51:04 - New user registered: sivasangari.v@vdartinc.com
2025-05-20 13:51:18 - New user registered: vigraman.a@vdartinc.com
2025-05-20 13:51:21 - New user registered: viswadharshini.g@vdartinc.com
2025-05-20 13:51:21 - New user registered: suganth.t@vdartinc.com
2025-05-20 13:51:23 - New user registered: nawaz.s@vdartinc.com
2025-05-21 14:56:10 - New user registered: abarna.s@trustpeople.com
2025-05-21 14:56:14 - New user registered: sivasankar.c@trustpeople.com
2025-05-21 14:56:15 - New user registered: vijayakannan.s@vdartinc.com
2025-05-21 14:56:27 - New user registered: moorthy.m@vdartinc.com
2025-05-21 14:56:42 - New user registered: kanishkhan.s@trustpeople.com
2025-05-21 14:57:11 - New user registered: swethamarimuthu.m@vdartinc.com
2025-05-21 16:02:56 - New user registered: solomon@vdartinc.com
2025-05-21 16:03:08 - New user registered: narayanan.g@vdartinc.com
2025-05-21 16:03:10 - New user registered: sherman@vdartinc.com
2025-05-21 16:03:18 - New user registered: vishal.m@vdartinc.com
2025-05-21 16:03:23 - New user registered: arun.b@vdartinc.com
2025-05-21 16:03:23 - New user registered: karthiga.k@vdartinc.com
2025-05-21 16:03:24 - New user registered: rakshana.b@vdartinc.com
2025-05-21 16:03:25 - New user registered: rakkesh.k@vdartinc.com
2025-05-21 16:03:28 - New user registered: elango.k@vdartinc.com
2025-05-21 16:03:30 - New user registered: abinaya.v@vdartinc.com
2025-05-21 16:03:49 - New user registered: kumaran.v@vdartinc.com
2025-05-21 16:03:52 - New user registered: venkatesan.s@vdartinc.com
2025-05-21 16:06:29 - New user registered: karishma.m@vdartinc.com
2025-05-21 16:06:30 - New user registered: prakashraj.c@vdartinc.com
2025-05-21 16:09:24 - New user registered: martina.a@vdartinc.com
2025-05-21 17:59:53 - New user registered: vignesh.r@vdartinc.com
2025-05-21 18:25:17 - New user registered: parveenbanu.s@vdartinc.com
2025-05-22 15:52:55 - New user registered: alfahd.m@vdartinc.com
2025-05-23 20:35:46 - New user registered: vishali.n@vdartinc.com
2025-05-27 16:41:47 - New user registered: jenifer.m@vdartinc.com
2025-05-27 16:42:08 - New user registered: deepika.k@vdartinc.com
2025-05-27 16:42:13 - New user registered: akash.p@vdartinc.com
2025-05-27 16:42:13 - New user registered: mukesh.r@vdartinc.com
2025-05-27 16:42:17 - New user registered: elavenil.e@vdartinc.com
2025-05-27 16:42:17 - New user registered: samfedrick.s@vdartinc.com
2025-05-27 16:42:23 - New user registered: vijay.c@vdartinc.com
2025-05-27 16:42:25 - New user registered: pawin.b@vdartinc.com
2025-05-27 16:43:11 - New user registered: kayal.r@vdartinc.com
2025-05-28 16:19:24 - New user registered: faisal.m@vdartinc.com
2025-06-04 13:37:32 - New user registered: vikasini.g@vdartinc.com
2025-06-04 13:37:36 - New user registered: aravind.natarajan@vdartinc.com
2025-06-04 21:31:43 - New user registered: angelin.j@vdartinc.com
2025-06-04 21:32:23 - New user registered: lance@vdartinc.com
2025-06-04 21:33:16 - New user registered: manoj.b@vdartinc.com
2025-06-04 21:33:53 - New user registered: selva.j@vdartinc.com
2025-06-04 21:37:18 - New user registered: sumeet.t@vdartinc.com
2025-06-04 21:38:14 - New user registered: syed.a@vdartinc.com
2025-06-04 21:39:31 - New user registered: justeen.d@vdartinc.com
2025-06-05 13:35:19 - New user registered: pavankumar.s@vdartinc.com
2025-06-05 14:44:45 - New user registered: razith.r@vdartinc.com
2025-06-05 14:45:52 - New user registered: sivakumar.s@vdartinc.com
2025-06-05 21:45:39 - New user registered: mohanavelu.a@vdartinc.com
2025-06-05 21:45:39 - New user registered: suriya.s@vdartinc.com
2025-06-05 21:47:00 - New user registered: manoj.k@vdartinc.com
2025-06-05 21:47:11 - New user registered: selvakumar.m@vdartinc.com
2025-06-05 21:47:47 - New user registered: balaji.r@vdartinc.com
2025-06-05 21:48:32 - New user registered: navin.i@vdartinc.com
2025-06-05 21:51:23 - New user registered: sharmilabanu.r@vdartinc.com
2025-06-05 21:52:34 - New user registered: praveenkumar.k@vdartinc.com
2025-06-05 21:52:40 - New user registered: shabaresh.m@vdartinc.com
2025-06-05 22:01:58 - New user registered: suganya.kumaravelu@vdartinc.com
2025-06-05 22:07:38 - New user registered: priya.c@vdartinc.com
2025-06-05 22:18:59 - New user registered: reena.a@vdartinc.com
2025-06-05 22:23:18 - New user registered: yashvan.m@vdartinc.com
2025-06-05 22:28:55 - New user registered: dharanya.r@vdartinc.com
2025-06-05 22:37:24 - New user registered: aasathkhan.n@vdartinc.com
2025-06-05 22:41:13 - New user registered: kvalli.p@vdartinc.com
2025-06-06 10:02:10 - New user registered: idhirish.m@vdartinc.com
2025-06-06 15:40:54 - New user registered: sivakkumar.v@vdartinc.com
2025-06-06 16:54:12 - New user registered: divya.c@vdartinc.com
2025-06-06 19:18:46 - New user registered: sastha.m@vdartinc.com
2025-06-06 19:18:56 - New user registered: sivabalan.d@vdartinc.com
2025-06-06 19:19:22 - New user registered: nareankarthick.b@vdartinc.com
2025-06-06 19:20:01 - New user registered: gayapriya.n@vdartinc.com
2025-06-06 19:20:13 - New user registered: manikandan.solan@vdartinc.com
2025-06-06 19:20:22 - New user registered: rohith.r@vdartinc.com
2025-06-06 19:23:53 - New user registered: surya.s@vdartinc.com
2025-06-06 19:23:59 - New user registered: bhagyalakshmi.g@vdartinc.com
2025-06-06 19:24:50 - New user registered: srijayanth.l@vdartinc.com
2025-06-06 19:30:51 - New user registered: karthika.r@vdartinc.com
2025-06-06 21:00:37 - New user registered: rajeshwari.v@vdartinc.com
2025-06-09 13:46:24 - New user registered: abdulajeez.s@vdartinc.com
2025-06-10 16:39:34 - New user registered: kathiravan.k@vdartinc.com
2025-06-10 19:36:48 - New user registered: imran.s@vdartinc.com
2025-06-10 19:43:33 - New user registered: siraj.m@vdartinc.com
2025-06-10 19:47:59 - New user registered: deepak.g@vdartinc.com
2025-06-10 19:59:08 - New user registered: yaswanth.w@vdartinc.com
2025-06-11 18:43:40 - New user registered: veera.b@vdartinc.com
2025-06-16 13:51:53 - New user registered: tharun.b@vdartinc.com
2025-06-16 21:13:22 - New user registered: dharshika.v@vdartinc.com
2025-06-19 13:37:57 - New user registered: yunus.s@vdartinc.com
2025-06-19 13:38:07 - New user registered: arjun.m@vdartinc.com
2025-06-19 13:38:17 - New user registered: jagajeevan.k@vdartinc.com
2025-06-19 13:38:18 - New user registered: kamatchi.m@vdartinc.com
2025-06-19 13:38:20 - New user registered: kevin.n@vdartinc.com
2025-06-19 13:38:26 - New user registered: shankhesh.r@vdartinc.com
2025-06-19 13:38:29 - New user registered: haroon.u@vdartinc.com
2025-06-19 13:38:40 - New user registered: vishweshwar.r@vdartinc.com
2025-06-19 13:38:44 - New user registered: kavya.s@vdartinc.com
2025-06-19 13:38:53 - New user registered: yasar.s@vdartinc.com
2025-06-19 13:38:55 - New user registered: bala.k@vdartinc.com
2025-06-19 13:39:26 - New user registered: fazal.f@vdartinc.com
2025-06-19 13:39:57 - New user registered: aishwarya.sundar@vdartinc.com
2025-06-19 13:39:59 - New user registered: sinmai.k@vdartinc.com
2025-06-19 13:40:15 - New user registered: akashdurai.v@vdartinc.com
2025-06-19 13:40:26 - New user registered: sivaharini.m@vdartinc.com
2025-06-19 13:40:40 - New user registered: dhanush.karthikeyan@vdartinc.com
2025-06-19 13:42:08 - New user registered: cladiya.a@vdartinc.com
2025-06-19 13:49:31 - New user registered: carolin.a@vdartinc.com
2025-06-19 13:50:06 - New user registered: amruthavarshini.a@vdartinc.com
2025-06-19 16:43:09 - New user registered: nesan.m@vdartinc.com
2025-06-24 20:20:44 - New user registered: revathi.s@vdartinc.com
2025-06-24 20:20:47 - New user registered: raahulan.s@vdartinc.com
2025-06-24 20:20:49 - New user registered: manosharma.m@vdartinc.com
2025-06-24 20:21:04 - New user registered: felixcia.f@vdartinc.com
2025-06-24 20:21:16 - New user registered: ivanchalin.p@vdartinc.com
2025-06-24 20:21:30 - New user registered: santhiya.s@vdartinc.com
2025-06-24 20:21:38 - New user registered: rajalakshmi.m@vdartinc.com
2025-06-24 20:21:39 - New user registered: bharani.u@vdartinc.com
2025-06-24 20:21:43 - New user registered: sandhiya.d@vdartinc.com
2025-06-24 20:21:45 - New user registered: beuna.s@vdartinc.com
2025-06-24 20:22:09 - New user registered: mahalaxmi.p@vdartinc.com
2025-06-24 20:22:12 - New user registered: absana.a@vdartinc.com
2025-06-25 13:52:45 - New user registered: deepika.v@vdartinc.com
2025-06-30 14:27:53 - New user registered: viswa.k@vdartinc.com
2025-06-30 20:02:28 - New user registered: jaicharan.r@vdartinc.com
2025-07-01 16:35:06 - New user registered: sathiyaseelan.v@vdartinc.com
2025-07-01 19:32:16 - New user registered: pradeap.t@vdartinc.com
2025-07-17 08:55:16 - New user registered: yasartpi006@vdartinc.com
2025-07-18 20:26:49 - New user registered: vignesh.c@vdartinc.com
2025-07-28 21:54:37 - New user registered: marimuthu.j@vdartinc.com
2025-07-31 15:42:57 - New user registered: sivanantha@vdartinc.com
2025-08-04 18:34:54 - New user registered: sugil.s@vdartinc.com
2025-08-18 19:35:00 - New user registered: john.a@vdartinc.com
2025-08-26 21:58:58 - New user registered: krishna.r@vdartinc.com
2025-09-12 15:41:01 - New user registered: balaji.d@vdartinc.com
2025-09-16 22:54:32 - New user registered: test3345@vdartinc.com
2025-09-17 16:38:49 - New user registered: nivashini.j@vdartinc.com
2025-09-26 11:38:28 - New user registered: varunraj.s@vdartinc.com
2025-09-29 22:31:51 - New user registered: logesh.s@vdartinc.com
2025-10-02 18:10:58 - New user registered: yasararafath@vdartinc.com
2025-10-06 18:43:36 - New user registered: prashanth.r@vdartinc.com
2025-10-13 11:31:13 - New user registered: jeenath.a@vdartinc.com
2025-11-19 07:02:05 - New user registered: padmanaabhan.s@vdartinc.com
2025-12-11 21:47:42 - New user registered: jenifer.t@vdartinc.com
2026-01-27 22:26:41 - New user registered: bhuvaneshwaran.s@vdartinc.com
2026-01-30 16:02:33 - New user registered: varunan.r@vdartinc.com
2026-02-05 15:58:28 - New user registered: britto.s@vdartinc.com
2026-02-09 12:04:12 - New user registered: harmeentahura@vdartinc.com
2026-02-09 12:08:01 - New user registered: harmeentahura@trustpeople.com
2026-02-09 12:10:26 - New user registered: harmeentahura@dimiour.io
2026-02-09 12:28:33 - New user registered: tahura.a@vdartinc.com
2026-02-12 14:43:16 - New user registered: indhumathi.v@vdartinc.com
2026-02-18 15:23:33 - New user registered: rafeeth.p@vdartinc.com
2026-02-18 16:22:12 - New user registered: raeshm.a@vdartinc.com
2026-02-18 16:24:49 - New user registered: raeshma.a@vdartinc.com
2026-02-18 16:25:17 - New user registered: ganga.r@vdartinc.com
2026-02-20 11:36:40 - New user registered: logesh.p@vdartinc.com
2026-02-25 20:56:43 - New user registered: deepan.m@vdartinc.com
2026-03-03 16:09:17 - New user registered: nasimabanu.a@vdartinc.com
2026-03-03 19:31:38 - New user registered: vaitheeswaran.s@vdartinc.com
2026-03-03 22:16:23 - New user registered: prassanna.v@vdartinc.com
2026-03-04 21:57:28 - New user registered: sattanathan.b@vdartinc.com
2026-03-05 15:40:55 - New user registered: abrar.g@vdartinc.com
2026-03-05 17:19:54 - New user registered: syedkaja.s@vdartinc.com
2026-03-06 19:56:55 - New user registered: muthu.k@vdartinc.com
2026-03-10 14:49:04 - New user registered: sriiswarya.s@vdartinc.com
2026-03-12 21:09:51 - New user registered: sikkandar.j@vdartinc.com
2026-03-19 17:16:06 - New user registered: meegha.j@vdartinc.com
2026-03-19 17:16:06 - New user registered: sagayasherlin.a@vdartinc.com
2026-03-19 17:16:09 - New user registered: aaron.s@vdartinc.com
2026-03-19 17:16:16 - New user registered: nithya.s@vdartinc.com
2026-03-19 17:16:32 - New user registered: tanish.p@vdartinc.com
2026-03-19 17:16:40 - New user registered: alamelu.v@vdartinc.com
2026-03-19 17:16:41 - New user registered: gnana.s@vdartinc.com
2026-03-19 17:18:01 - New user registered: bavadharani.m@vdartinc.com
2026-04-02 18:29:03 - New user registered: janani.v@vdartinc.com
2026-04-02 18:35:05 - New user registered: jose.a@vdartinc.com
2026-04-02 18:38:51 - New user registered: balu.t@vdartinc.com
2026-04-02 18:42:28 - New user registered: inzamam.a@vdartinc.com
2026-04-06 13:00:39 - New user registered: guruvel.k@vdartinc.com
2026-04-07 21:25:44 - New user registered: keerthivasan.s@vdartinc.com
2026-04-08 13:47:40 - New user registered: afsan.j@vdartinc.com
2026-04-21 15:41:35 - New user registered: jagatheeswaran.r@vdartinc.com
2026-04-21 16:13:33 - New user registered: raja.n@vdartinc.com
2026-04-24 21:46:08 - New user registered: yeshwanth.k@vdartinc.com
2026-04-27 15:48:54 - New user registered: gopinath@vdartinc.com
2026-04-28 18:22:09 - New user registered: janani.s@vdartinc.com
